<?xml version="1.0" encoding="UTF-8"?>
<testng-results ignored="0" total="2" passed="1" failed="1" skipped="0">
  <reporter-output>
    <line>
      <![CDATA[true]]>
    </line>
  </reporter-output>
  <suite started-at="2023-10-04T19:25:49 IST" name="Suite" finished-at="2023-10-04T19:26:35 IST" duration-ms="46010">
    <groups>
    </groups>
    <test started-at="2023-10-04T19:25:49 IST" name="Test" finished-at="2023-10-04T19:26:35 IST" duration-ms="46010">
      <class name="KycPageTC.KYCPage">
        <test-method is-config="true" signature="startReport()[pri:0, instance:KycPageTC.KYCPage@5677323c]" started-at="2023-10-04T19:25:49 IST" name="startReport" finished-at="2023-10-04T19:25:49 IST" duration-ms="277" status="PASS">
          <reporter-output>
          </reporter-output>
        </test-method> <!-- startReport -->
        <test-method is-config="true" signature="openBrowser()[pri:0, instance:KycPageTC.KYCPage@5677323c]" started-at="2023-10-04T19:25:50 IST" name="openBrowser" finished-at="2023-10-04T19:25:55 IST" duration-ms="4794" status="PASS">
          <reporter-output>
          </reporter-output>
        </test-method> <!-- openBrowser -->
        <test-method signature="KYCFormFill(java.lang.String,java.lang.String,java.lang.String,java.lang.String,java.lang.String,java.lang.String,java.lang.String,java.lang.String,java.lang.String,java.lang.String,java.lang.String,java.lang.String,java.lang.String,java.lang.String,java.lang.String,java.lang.String,java.lang.String,java.lang.String,java.lang.String,java.lang.String,java.lang.String,java.lang.String,java.lang.String,java.lang.String,java.lang.String,java.lang.String,java.lang.String,java.lang.String,java.lang.String,java.lang.String,java.lang.String,java.lang.String,java.lang.String,java.lang.String,java.lang.String,java.lang.String,java.lang.String,java.lang.String,java.lang.String,java.lang.String,java.lang.String,java.lang.String,java.lang.String,java.lang.String,java.lang.String,java.lang.String,java.lang.String,java.lang.String,java.lang.String,java.lang.String,java.lang.String,java.lang.String,java.lang.String,java.lang.String,java.lang.String,java.lang.String,java.lang.String,java.lang.String,java.lang.String,java.lang.String,java.lang.String,java.lang.String,java.lang.String,java.lang.String,java.lang.String,java.lang.String,java.lang.String,java.lang.String,java.lang.String,java.lang.String,java.lang.String,java.lang.String,java.lang.String,java.lang.String,java.lang.String,java.lang.String,java.lang.String,java.lang.String,java.lang.String,java.lang.String,java.lang.String,java.lang.String,java.lang.String,java.lang.String,java.lang.String)[pri:0, instance:KycPageTC.KYCPage@5677323c]" started-at="2023-10-04T19:25:55 IST" name="KYCFormFill" data-provider="dataContainerKYCForm" finished-at="2023-10-04T19:26:32 IST" duration-ms="37303" status="PASS">
          <params>
            <param index="0">
              <value>
                <![CDATA[Positive]]>
              </value>
            </param>
            <param index="1">
              <value>
                <![CDATA[Hashtag InfoSystem 123456]]>
              </value>
            </param>
            <param index="2">
              <value>
                <![CDATA[parent Hashtag InfoSystem 123456]]>
              </value>
            </param>
            <param index="3">
              <value>
                <![CDATA[1/405, 1st Floor, hashtag, Nanpura, Surat, Gujarat 395001]]>
              </value>
            </param>
            <param index="4">
              <value>
                <![CDATA[Israel]]>
              </value>
            </param>
            <param index="5">
              <value>
                <![CDATA[123456789]]>
              </value>
            </param>
            <param index="6">
              <value>
                <![CDATA[www.hashtaginfosystem.com]]>
              </value>
            </param>
            <param index="7">
              <value>
                <![CDATA[hashtaginfosystem.com]]>
              </value>
            </param>
            <param index="8">
              <value>
                <![CDATA[100]]>
              </value>
            </param>
            <param index="9">
              <value>
                <![CDATA[Others]]>
              </value>
            </param>
            <param index="10">
              <value>
                <![CDATA[Private Limited]]>
              </value>
            </param>
            <param index="11">
              <value>
                <![CDATA[Others]]>
              </value>
            </param>
            <param index="12">
              <value>
                <![CDATA[Transportation]]>
              </value>
            </param>
            <param index="13">
              <value>
                <![CDATA[India]]>
              </value>
            </param>
            <param index="14">
              <value>
                <![CDATA[1]]>
              </value>
            </param>
            <param index="15">
              <value>
                <![CDATA[1]]>
              </value>
            </param>
            <param index="16">
              <value>
                <![CDATA[2021]]>
              </value>
            </param>
            <param index="17">
              <value>
                <![CDATA[REG123455]]>
              </value>
            </param>
            <param index="18">
              <value>
                <![CDATA[TRD456]]>
              </value>
            </param>
            <param index="19">
              <value>
                <![CDATA[31]]>
              </value>
            </param>
            <param index="20">
              <value>
                <![CDATA[12]]>
              </value>
            </param>
            <param index="21">
              <value>
                <![CDATA[2025]]>
              </value>
            </param>
            <param index="22">
              <value>
                <![CDATA[VAT456]]>
              </value>
            </param>
            <param index="23">
              <value>
                <![CDATA[State Bank Of India]]>
              </value>
            </param>
            <param index="24">
              <value>
                <![CDATA[India]]>
              </value>
            </param>
            <param index="25">
              <value>
                <![CDATA[1/405, 2nd Floor, SBI, Surat, Gujarat 395001]]>
              </value>
            </param>
            <param index="26">
              <value>
                <![CDATA[SBISWIFT1245658]]>
              </value>
            </param>
            <param index="27">
              <value>
                <![CDATA[HashCurrent Avccount]]>
              </value>
            </param>
            <param index="28">
              <value>
                <![CDATA[Afghanistan-Afghani]]>
              </value>
            </param>
            <param index="29">
              <value>
                <![CDATA[SBINO123456789123456]]>
              </value>
            </param>
            <param index="30">
              <value>
                <![CDATA[SBIIBAN12235555544444]]>
              </value>
            </param>
            <param index="31">
              <value>
                <![CDATA[Mr. John Snow B'M]]>
              </value>
            </param>
            <param index="32">
              <value>
                <![CDATA[International]]>
              </value>
            </param>
            <param index="33">
              <value>
                <![CDATA[+918698706548]]>
              </value>
            </param>
            <param index="34">
              <value>
                <![CDATA[ICICI Bank]]>
              </value>
            </param>
            <param index="35">
              <value>
                <![CDATA[ICICISWIT122322]]>
              </value>
            </param>
            <param index="36">
              <value>
                <![CDATA[Mrs. Robert B'aratheon]]>
              </value>
            </param>
            <param index="37">
              <value>
                <![CDATA[51]]>
              </value>
            </param>
            <param index="38">
              <value>
                <![CDATA[Australia]]>
              </value>
            </param>
            <param index="39">
              <value>
                <![CDATA[Miss. Aegon T'argarian]]>
              </value>
            </param>
            <param index="40">
              <value>
                <![CDATA[20]]>
              </value>
            </param>
            <param index="41">
              <value>
                <![CDATA[Bahamas]]>
              </value>
            </param>
            <param index="42">
              <value>
                <![CDATA[Mr. P B D'hangar PCD]]>
              </value>
            </param>
            <param index="43">
              <value>
                <![CDATA[C E Officer]]>
              </value>
            </param>
            <param index="44">
              <value>
                <![CDATA[International]]>
              </value>
            </param>
            <param index="45">
              <value>
                <![CDATA[+123456789041]]>
              </value>
            </param>
            <param index="46">
              <value>
                <![CDATA[pbdhanger@gmail.com]]>
              </value>
            </param>
            <param index="47">
              <value>
                <![CDATA[Dr. A S S'hivade CFD]]>
              </value>
            </param>
            <param index="48">
              <value>
                <![CDATA[M Director]]>
              </value>
            </param>
            <param index="49">
              <value>
                <![CDATA[Colombia]]>
              </value>
            </param>
            <param index="50">
              <value>
                <![CDATA[1234567842]]>
              </value>
            </param>
            <param index="51">
              <value>
                <![CDATA[asshivade@gmail.com]]>
              </value>
            </param>
            <param index="52">
              <value>
                <![CDATA[Er. Emmar O'DD]]>
              </value>
            </param>
            <param index="53">
              <value>
                <![CDATA[Finance Manager]]>
              </value>
            </param>
            <param index="54">
              <value>
                <![CDATA[Oman]]>
              </value>
            </param>
            <param index="55">
              <value>
                <![CDATA[789561243]]>
              </value>
            </param>
            <param index="56">
              <value>
                <![CDATA[emmar_123@gmail.com]]>
              </value>
            </param>
            <param index="57">
              <value>
                <![CDATA[Ms. J P Datta A'CCD]]>
              </value>
            </param>
            <param index="58">
              <value>
                <![CDATA[Operation Manager]]>
              </value>
            </param>
            <param index="59">
              <value>
                <![CDATA[Afghanistan]]>
              </value>
            </param>
            <param index="60">
              <value>
                <![CDATA[7894561244]]>
              </value>
            </param>
            <param index="61">
              <value>
                <![CDATA[jpdatta@gmail.com]]>
              </value>
            </param>
            <param index="62">
              <value>
                <![CDATA[Oil Filtration]]>
              </value>
            </param>
            <param index="63">
              <value>
                <![CDATA[Mr. Johan C'arter]]>
              </value>
            </param>
            <param index="64">
              <value>
                <![CDATA[Dr. Jiya D'susa]]>
              </value>
            </param>
            <param index="65">
              <value>
                <![CDATA[Oman]]>
              </value>
            </param>
            <param index="66">
              <value>
                <![CDATA[789456444]]>
              </value>
            </param>
            <param index="67">
              <value>
                <![CDATA[Jiya@hashtaginfosystem.com]]>
              </value>
            </param>
            <param index="68">
              <value>
                <![CDATA[Mr. Tom J'erry]]>
              </value>
            </param>
            <param index="69">
              <value>
                <![CDATA[Oman]]>
              </value>
            </param>
            <param index="70">
              <value>
                <![CDATA[789561555]]>
              </value>
            </param>
            <param index="71">
              <value>
                <![CDATA[tom@hashtaginfosystem.in]]>
              </value>
            </param>
            <param index="72">
              <value>
                <![CDATA[C:\Users\PC\eclipse-workspace\AdamJayKyc\Upload Document\1certOfInc43.png]]>
              </value>
            </param>
            <param index="73">
              <value>
                <![CDATA[C:\Users\PC\eclipse-workspace\AdamJayKyc\Upload Document\2ArtOfAsso107.jpeg]]>
              </value>
            </param>
            <param index="74">
              <value>
                <![CDATA[C:\Users\PC\eclipse-workspace\AdamJayKyc\Upload Document\3TradeLisc133.pdf]]>
              </value>
            </param>
            <param index="75">
              <value>
                <![CDATA[C:\Users\PC\eclipse-workspace\AdamJayKyc\Upload Document\4TaxRegi.jpeg]]>
              </value>
            </param>
            <param index="76">
              <value>
                <![CDATA[C:\Users\PC\eclipse-workspace\AdamJayKyc\Upload Document\5CompProfile70.png]]>
              </value>
            </param>
            <param index="77">
              <value>
                <![CDATA[www.hashtaginfosystemurl.com]]>
              </value>
            </param>
            <param index="78">
              <value>
                <![CDATA[C:\Users\PC\eclipse-workspace\AdamJayKyc\Upload Document\6BankRef43.png]]>
              </value>
            </param>
            <param index="79">
              <value>
                <![CDATA[C:\Users\PC\eclipse-workspace\AdamJayKyc\Upload Document\7Passport133.pdf]]>
              </value>
            </param>
            <param index="80">
              <value>
                <![CDATA[C:\Users\PC\eclipse-workspace\AdamJayKyc\Upload Document\8AuthoSign105.jpeg]]>
              </value>
            </param>
            <param index="81">
              <value>
                <![CDATA[Mr. Tom J'erry]]>
              </value>
            </param>
            <param index="82">
              <value>
                <![CDATA[https://adamadminui.web.app]]>
              </value>
            </param>
            <param index="83">
              <value>
                <![CDATA[tester.adambrands@gmail.com]]>
              </value>
            </param>
            <param index="84">
              <value>
                <![CDATA[Admin@123]]>
              </value>
            </param>
          </params>
          <reporter-output>
            <line>
              <![CDATA[true]]>
            </line>
          </reporter-output>
        </test-method> <!-- KYCFormFill -->
        <test-method is-config="true" signature="openBrowser()[pri:0, instance:KycPageTC.KYCPage@5677323c]" started-at="2023-10-04T19:26:32 IST" name="openBrowser" finished-at="2023-10-04T19:26:34 IST" duration-ms="2177" status="PASS">
          <reporter-output>
          </reporter-output>
        </test-method> <!-- openBrowser -->
        <test-method is-config="true" signature="getResult(org.testng.ITestResult)[pri:0, instance:KycPageTC.KYCPage@5677323c]" started-at="2023-10-04T19:26:32 IST" name="getResult" finished-at="2023-10-04T19:26:32 IST" duration-ms="0" status="PASS">
          <params>
            <param index="0">
              <value>
                <![CDATA[[TestResult name=KYCFormFill status=SUCCESS method=KYCPage.KYCFormFill(java.lang.String,java.lang.String,java.lang.String,java.lang.String,java.lang.String,java.lang.String,java.lang.String,java.lang.String,java.lang.String,java.lang.String,java.lang.String,java.lang.String,java.lang.String,java.lang.String,java.lang.String,java.lang.String,java.lang.String,java.lang.String,java.lang.String,java.lang.String,java.lang.String,java.lang.String,java.lang.String,java.lang.String,java.lang.String,java.lang.String,java.lang.String,java.lang.String,java.lang.String,java.lang.String,java.lang.String,java.lang.String,java.lang.String,java.lang.String,java.lang.String,java.lang.String,java.lang.String,java.lang.String,java.lang.String,java.lang.String,java.lang.String,java.lang.String,java.lang.String,java.lang.String,java.lang.String,java.lang.String,java.lang.String,java.lang.String,java.lang.String,java.lang.String,java.lang.String,java.lang.String,java.lang.String,java.lang.String,java.lang.String,java.lang.String,java.lang.String,java.lang.String,java.lang.String,java.lang.String,java.lang.String,java.lang.String,java.lang.String,java.lang.String,java.lang.String,java.lang.String,java.lang.String,java.lang.String,java.lang.String,java.lang.String,java.lang.String,java.lang.String,java.lang.String,java.lang.String,java.lang.String,java.lang.String,java.lang.String,java.lang.String,java.lang.String,java.lang.String,java.lang.String,java.lang.String,java.lang.String,java.lang.String,java.lang.String)[pri:0, instance:KycPageTC.KYCPage@5677323c] output=true]]]>
              </value>
            </param>
          </params>
          <reporter-output>
          </reporter-output>
        </test-method> <!-- getResult -->
        <test-method signature="test2()[pri:0, instance:KycPageTC.KYCPage@5677323c]" started-at="2023-10-04T19:26:34 IST" name="test2" finished-at="2023-10-04T19:26:34 IST" duration-ms="27" status="FAIL">
          <exception class="java.lang.AssertionError">
            <message>
              <![CDATA[The following asserts failed:
expected [s2] but found [s1]]]>
            </message>
            <full-stacktrace>
              <![CDATA[java.lang.AssertionError: The following asserts failed:
expected [s2] but found [s1]
at org.testng.asserts.SoftAssert.assertAll(SoftAssert.java:46)
at org.testng.asserts.SoftAssert.assertAll(SoftAssert.java:30)
at KycPageTC.KYCPage.test2(KYCPage.java:474)
at java.base/jdk.internal.reflect.NativeMethodAccessorImpl.invoke0(Native Method)
at java.base/jdk.internal.reflect.NativeMethodAccessorImpl.invoke(NativeMethodAccessorImpl.java:77)
at java.base/jdk.internal.reflect.DelegatingMethodAccessorImpl.invoke(DelegatingMethodAccessorImpl.java:43)
at java.base/java.lang.reflect.Method.invoke(Method.java:568)
at org.testng.internal.invokers.MethodInvocationHelper.invokeMethod(MethodInvocationHelper.java:139)
at org.testng.internal.invokers.InvokeMethodRunnable.runOne(InvokeMethodRunnable.java:47)
at org.testng.internal.invokers.InvokeMethodRunnable.call(InvokeMethodRunnable.java:76)
at org.testng.internal.invokers.InvokeMethodRunnable.call(InvokeMethodRunnable.java:11)
at java.base/java.util.concurrent.FutureTask.run(FutureTask.java:264)
at java.base/java.util.concurrent.ThreadPoolExecutor.runWorker(ThreadPoolExecutor.java:1136)
at java.base/java.util.concurrent.ThreadPoolExecutor$Worker.run(ThreadPoolExecutor.java:635)
at java.base/java.lang.Thread.run(Thread.java:833)
]]>
            </full-stacktrace>
          </exception> <!-- java.lang.AssertionError -->
          <reporter-output>
          </reporter-output>
        </test-method> <!-- test2 -->
        <test-method is-config="true" signature="getResult(org.testng.ITestResult)[pri:0, instance:KycPageTC.KYCPage@5677323c]" started-at="2023-10-04T19:26:34 IST" name="getResult" finished-at="2023-10-04T19:26:34 IST" duration-ms="3" status="PASS">
          <params>
            <param index="0">
              <value>
                <![CDATA[[TestResult name=test2 status=FAILURE method=KYCPage.test2()[pri:0, instance:KycPageTC.KYCPage@5677323c] output={null}]]]>
              </value>
            </param>
          </params>
          <reporter-output>
          </reporter-output>
        </test-method> <!-- getResult -->
        <test-method is-config="true" signature="logOut()[pri:0, instance:KycPageTC.KYCPage@5677323c]" started-at="2023-10-04T19:26:34 IST" name="logOut" finished-at="2023-10-04T19:26:35 IST" duration-ms="347" status="PASS">
          <reporter-output>
          </reporter-output>
        </test-method> <!-- logOut -->
      </class> <!-- KycPageTC.KYCPage -->
    </test> <!-- Test -->
  </suite> <!-- Suite -->
</testng-results>
