<?xml version="1.0" encoding="UTF-8"?>
<testsuite xmlns:xsi="http://www.w3.org/2001/XMLSchema-instance" xsi:noNamespaceSchemaLocation="https://maven.apache.org/surefire/maven-surefire-plugin/xsd/surefire-test-report-3.0.xsd" version="3.0" name="TestSuite" time="60.245" tests="2" errors="0" skipped="0" failures="0">
  <properties>
[...]
</properties>
  <testcase name="KYCFormFillDataprovider[Positive, Hashtag InfoSystem 123456, parent Hashtag InfoSystem 123456, 1/405, 1st Floor, hashtag, Nanpura, Surat, Gujarat 395001, Israel, 123456789, kiran@gmail.com, www.hashtaystem.com, hashtaginfosy-st.em.com, 100, Others, Private Limited, Others, Transportation, India, 03, 03, 2022, REG123455, TRD456, 03, 03, 2025, VAT456, State Bank Of India, India, 1/405, 2nd Floor, SBI, Surat, Gujarat 395001, SBISWIFT1245658, HashCurrent Avccount, Afghanistan-Afghani, SBINO123456789123456, SBIIBAN12235555544444, Mr. John Snow B&apos;M, Bhutan, 8698706548, ICICI Bank, ICICISWIT122322, Mrs. Robert B&apos;aratheon, 51, Australia, Miss. Aegon T&apos;argarian, 20, Bahamas, Mr. P B D&apos;hangar PCD, C E Officer, Congo, 456789041, sdsfsf@sf.in, Dr. A S S&apos;hivade CFD, M Director, Colombia, 1234567842, sdsfsf@sf.in, Er. Emmar O&apos;DD, Finance Manager, Oman, 789561243, sdsfsf@sf.in, Ms. J P Datta A&apos;CCD, Operation Manager, Costa Rica, 78945644, sdsfsf@sf.in, Oil Filtration, Mr. Johan C&apos;arter, Dr. Jiya D&apos;susa, Thailand, 789456444, sdsfsf@sxvf.com, Mr. Tom J&apos;erry, Turkey, 789561555, sdsfsf@sf.in, C:\Users\PC\eclipse-workspace\AdamJayKyc\Upload Document\1certOfInc43.png, C:\Users\PC\eclipse-workspace\AdamJayKyc\Upload Document\2ArtOfAsso107.jpeg, C:\Users\PC\eclipse-workspace\AdamJayKyc\Upload Document\3TradeLisc133.pdf, C:\Users\PC\eclipse-workspace\AdamJayKyc\Upload Document\4TaxRegi.jpeg, C:\Users\PC\eclipse-workspace\AdamJayKyc\Upload Document\5CompProfile70.png, www.hashtaginfosystemurl.com, C:\Users\PC\eclipse-workspace\AdamJayKyc\Upload Document\6BankRef43.png, C:\Users\PC\eclipse-workspace\AdamJayKyc\Upload Document\7Passport133.pdf, C:\Users\PC\eclipse-workspace\AdamJayKyc\Upload Document\8AuthoSign105.jpeg, Mr. Tom J&apos;erry, https://adamadminui.web.app, tester.adambrands@gmail.com, Admin@123](1)" classname="KycPageTC.KYCPageTC1" time="43.797">
    <system-out><![CDATA[

% and country is Required
]]></system-out>
    <system-err><![CDATA[SLF4J: Failed to load class "org.slf4j.impl.StaticLoggerBinder".
SLF4J: Defaulting to no-operation (NOP) logger implementation
SLF4J: See http://www.slf4j.org/codes.html#StaticLoggerBinder for further details.
ERROR StatusLogger Log4j2 could not find a logging implementation. Please add log4j-core to the classpath. Using SimpleLogger to log to the console...
]]></system-err>
  </testcase>
  <testcase name="KYCFormFillForPreview[Positive, Hashtag InfoSystem 123456, parent Hashtag InfoSystem 123456, 1/405, 1st Floor, hashtag, Nanpura, Surat, Gujarat 395001, Israel, 123456789, kiran@gmail.com, www.hashtaystem.com, hashtaginfosy-st.em.com, 100, Others, Private Limited, Others, Transportation, India, 03, 03, 2022, REG123455, TRD456, 03, 03, 2025, VAT456, State Bank Of India, India, 1/405, 2nd Floor, SBI, Surat, Gujarat 395001, SBISWIFT1245658, HashCurrent Avccount, Afghanistan-Afghani, SBINO123456789123456, SBIIBAN12235555544444, Mr. John Snow B&apos;M, Bhutan, 8698706548, ICICI Bank, ICICISWIT122322, Mrs. Robert B&apos;aratheon, 51, Australia, Miss. Aegon T&apos;argarian, 20, Bahamas, Mr. P B D&apos;hangar PCD, C E Officer, Congo, 456789041, sdsfsf@sf.in, Dr. A S S&apos;hivade CFD, M Director, Colombia, 1234567842, sdsfsf@sf.in, Er. Emmar O&apos;DD, Finance Manager, Oman, 789561243, sdsfsf@sf.in, Ms. J P Datta A&apos;CCD, Operation Manager, Costa Rica, 78945644, sdsfsf@sf.in, Oil Filtration, Mr. Johan C&apos;arter, Dr. Jiya D&apos;susa, Thailand, 789456444, sdsfsf@sxvf.com, Mr. Tom J&apos;erry, Turkey, 789561555, sdsfsf@sf.in, C:\Users\PC\eclipse-workspace\AdamJayKyc\Upload Document\1certOfInc43.png, C:\Users\PC\eclipse-workspace\AdamJayKyc\Upload Document\2ArtOfAsso107.jpeg, C:\Users\PC\eclipse-workspace\AdamJayKyc\Upload Document\3TradeLisc133.pdf, C:\Users\PC\eclipse-workspace\AdamJayKyc\Upload Document\4TaxRegi.jpeg, C:\Users\PC\eclipse-workspace\AdamJayKyc\Upload Document\5CompProfile70.png, www.hashtaginfosystemurl.com, C:\Users\PC\eclipse-workspace\AdamJayKyc\Upload Document\6BankRef43.png, C:\Users\PC\eclipse-workspace\AdamJayKyc\Upload Document\7Passport133.pdf, C:\Users\PC\eclipse-workspace\AdamJayKyc\Upload Document\8AuthoSign105.jpeg, Mr. Tom J&apos;erry, https://adamadminui.web.app, tester.adambrands@gmail.com, Admin@123](1)" classname="KycPageTC.KYCPreviewPageTC" time="47.169">
    <system-out><![CDATA[50678945644==>78945644
]]></system-out>
  </testcase>
</testsuite>