<?xml version="1.0" encoding="UTF-8"?>
<testsuite xmlns:xsi="http://www.w3.org/2001/XMLSchema-instance" xsi:noNamespaceSchemaLocation="https://maven.apache.org/surefire/maven-surefire-plugin/xsd/surefire-test-report-3.0.xsd" version="3.0" name="TestSuite" time="60.545" tests="2" errors="0" skipped="0" failures="1">
  <properties>
[...]
</properties>
  <testcase name="KYCFormFill[Positive, Hashtag InfoSystem 123456, parent Hashtag InfoSystem 123456, 1/405, 1st Floor, hashtag, Nanpura, Surat, Gujarat 395001, Israel, 123456789, www.hashtag-info.system.com, hashtaginfosy-st.em.com, 100, Others, Private Limited, Others, Transportation, India, 3, 3, 2022, REG123455, TRD456, 5, 5, 2025, VAT456, State Bank Of India, India, 1/405, 2nd Floor, SBI, Surat, Gujarat 395001, SBISWIFT1245658, HashCurrent Avccount, Afghanistan-Afghani, SBINO123456789123456, SBIIBAN12235555544444, Mr. John Snow B&apos;M, Bhutan, 8698706548, ICICI Bank, ICICISWIT122322, Mrs. Robert B&apos;aratheon, 51, Australia, Miss. Aegon T&apos;argarian, 20, Bahamas, Mr. P B D&apos;hangar PCD, C E Officer, Congo, 456789041, pbdha12!@#nger@gm.ai-l.com, Dr. A S S&apos;hivade CFD, M Director, Colombia, 1234567842, asshivade@gmail.com, Er. Emmar O&apos;DD, Finance Manager, Oman, 789561243, emmar_123@gmail.com, Ms. J P Datta A&apos;CCD, Operation Manager, Costa Rica, 7894561244, jpdatta@gmail.com, Oil Filtration, Mr. Johan C&apos;arter, Dr. Jiya D&apos;susa, Thailand, 789456444, Jiya@hashtaginfosystem.com, Mr. Tom J&apos;erry, Turkey, 789561555, tom@hashtaginfosystem.in, C:\Users\PC\eclipse-workspace\AdamJayKyc\Upload Document\1certOfInc43.png, C:\Users\PC\eclipse-workspace\AdamJayKyc\Upload Document\2ArtOfAsso107.jpeg, C:\Users\PC\eclipse-workspace\AdamJayKyc\Upload Document\3TradeLisc133.pdf, C:\Users\PC\eclipse-workspace\AdamJayKyc\Upload Document\4TaxRegi.jpeg, C:\Users\PC\eclipse-workspace\AdamJayKyc\Upload Document\5CompProfile70.png, www.hashtaginfosystemurl.com, C:\Users\PC\eclipse-workspace\AdamJayKyc\Upload Document\6BankRef43.png, C:\Users\PC\eclipse-workspace\AdamJayKyc\Upload Document\7Passport133.pdf, C:\Users\PC\eclipse-workspace\AdamJayKyc\Upload Document\8AuthoSign105.jpeg, Mr. Tom J&apos;erry, https://adamadminui.web.app, tester.adambrands@gmail.com, Admin@123](1)" classname="KycPageTC.KYCPage" time="53.089">
    <system-out><![CDATA[
true
]]></system-out>
    <system-err><![CDATA[SLF4J: Failed to load class "org.slf4j.impl.StaticLoggerBinder".
SLF4J: Defaulting to no-operation (NOP) logger implementation
SLF4J: See http://www.slf4j.org/codes.html#StaticLoggerBinder for further details.
ERROR StatusLogger Log4j2 could not find a logging implementation. Please add log4j-core to the classpath. Using SimpleLogger to log to the console...
Oct 09, 2023 3:58:05 PM org.openqa.selenium.devtools.CdpVersionFinder findNearestMatch
WARNING: Unable to find an exact match for CDP version 117, so returning the closest version found: 116
]]></system-err>
  </testcase>
  <testcase name="test2" classname="KycPageTC.KYCPage" time="0.023">
    <failure message="The following asserts failed:&#10;	a and b not equal expected [21] but found [20]" type="java.lang.AssertionError"><![CDATA[java.lang.AssertionError: 
The following asserts failed:
	a and b not equal expected [21] but found [20]
	at org.testng.asserts.SoftAssert.assertAll(SoftAssert.java:46)
	at org.testng.asserts.SoftAssert.assertAll(SoftAssert.java:30)
	at KycPageTC.KYCPage.test2(KYCPage.java:483)
	at java.base/jdk.internal.reflect.NativeMethodAccessorImpl.invoke0(Native Method)
	at java.base/jdk.internal.reflect.NativeMethodAccessorImpl.invoke(NativeMethodAccessorImpl.java:77)
	at java.base/jdk.internal.reflect.DelegatingMethodAccessorImpl.invoke(DelegatingMethodAccessorImpl.java:43)
	at java.base/java.lang.reflect.Method.invoke(Method.java:568)
	at org.testng.internal.invokers.MethodInvocationHelper.invokeMethod(MethodInvocationHelper.java:139)
	at org.testng.internal.invokers.TestInvoker.invokeMethod(TestInvoker.java:664)
	at org.testng.internal.invokers.TestInvoker.invokeTestMethod(TestInvoker.java:227)
	at org.testng.internal.invokers.MethodRunner.runInSequence(MethodRunner.java:50)
	at org.testng.internal.invokers.TestInvoker$MethodInvocationAgent.invoke(TestInvoker.java:957)
	at org.testng.internal.invokers.TestInvoker.invokeTestMethods(TestInvoker.java:200)
	at org.testng.internal.invokers.TestMethodWorker.invokeTestMethods(TestMethodWorker.java:148)
	at org.testng.internal.invokers.TestMethodWorker.run(TestMethodWorker.java:128)
	at java.base/java.util.ArrayList.forEach(ArrayList.java:1511)
	at org.testng.TestRunner.privateRun(TestRunner.java:848)
	at org.testng.TestRunner.run(TestRunner.java:621)
	at org.testng.SuiteRunner.runTest(SuiteRunner.java:443)
	at org.testng.SuiteRunner.runSequentially(SuiteRunner.java:437)
	at org.testng.SuiteRunner.privateRun(SuiteRunner.java:397)
	at org.testng.SuiteRunner.run(SuiteRunner.java:336)
	at org.testng.SuiteRunnerWorker.runSuite(SuiteRunnerWorker.java:52)
	at org.testng.SuiteRunnerWorker.run(SuiteRunnerWorker.java:95)
	at org.testng.TestNG.runSuitesSequentially(TestNG.java:1280)
	at org.testng.TestNG.runSuitesLocally(TestNG.java:1200)
	at org.testng.TestNG.runSuites(TestNG.java:1114)
	at org.testng.TestNG.run(TestNG.java:1082)
	at org.apache.maven.surefire.testng.TestNGExecutor.run(TestNGExecutor.java:308)
	at org.apache.maven.surefire.testng.TestNGXmlTestSuite.execute(TestNGXmlTestSuite.java:71)
	at org.apache.maven.surefire.testng.TestNGProvider.invoke(TestNGProvider.java:113)
	at org.apache.maven.surefire.booter.ForkedBooter.runSuitesInProcess(ForkedBooter.java:385)
	at org.apache.maven.surefire.booter.ForkedBooter.execute(ForkedBooter.java:162)
	at org.apache.maven.surefire.booter.ForkedBooter.run(ForkedBooter.java:507)
	at org.apache.maven.surefire.booter.ForkedBooter.main(ForkedBooter.java:495)
]]></failure>
    <system-err><![CDATA[Oct 09, 2023 3:59:01 PM org.openqa.selenium.devtools.CdpVersionFinder findNearestMatch
WARNING: Unable to find an exact match for CDP version 117, so returning the closest version found: 116
]]></system-err>
  </testcase>
</testsuite>