<?xml version="1.0" encoding="UTF-8"?>
<!-- Generated by org.testng.reporters.JUnitXMLReporter -->
<testsuite ignored="0" hostname="PC-75" failures="1" tests="2" name="Test" time="38.405" errors="0" timestamp="2023-10-18T13:57:19 IST">
  <testcase classname="KycPageTC.KYCPageTC1" name="KYCFormFillDataprovider" time="31.936"/>
  <testcase classname="KycPageTC.KYCPreviewPageTC" name="KYCFormFillForPreview" time="33.13">
    <failure type="java.lang.AssertionError" message="The following asserts failed:
	Company phone not match expected [123456789] but found [972123456789],
	mang phone not match expected [8698706548] but found [50678945612],
	shrHldPrctg1 not match expected [51] but found [51%],
	shrHldPrctg2 not match expected [20] but found [20%],
	PCPhon not match expected [456789041] but found [243456789041],
	CFPhon not match expected [1234567842] but found [571234567842],
	cOpPhon not match expected [789561243] but found [968789561243],
	cAccName not match expected [Ms. J P Datta A&amp;apos;CCD] but found [HashCurrent Avccount],
	cAccPhon not match expected [7894561244] but found [50678945612],
	trfPhon1 not match expected [789456444] but found [66789456444],
	trfPhon2 not match expected [789561555] but found [90789561555]">
      <![CDATA[java.lang.AssertionError: The following asserts failed:
Company phone not match expected [123456789] but found [972123456789],
mang phone not match expected [8698706548] but found [50678945612],
shrHldPrctg1 not match expected [51] but found [51%],
shrHldPrctg2 not match expected [20] but found [20%],
PCPhon not match expected [456789041] but found [243456789041],
CFPhon not match expected [1234567842] but found [571234567842],
cOpPhon not match expected [789561243] but found [968789561243],
cAccName not match expected [Ms. J P Datta A'CCD] but found [HashCurrent Avccount],
cAccPhon not match expected [7894561244] but found [50678945612],
trfPhon1 not match expected [789456444] but found [66789456444],
trfPhon2 not match expected [789561555] but found [90789561555]
at KycPageTC.KYCPreviewPageTC.KYCFormFillForPreview(KYCPreviewPageTC.java:505)
at java.base/java.util.concurrent.ThreadPoolExecutor.runWorker(ThreadPoolExecutor.java:1136)
at java.base/java.util.concurrent.ThreadPoolExecutor$Worker.run(ThreadPoolExecutor.java:635)
at java.base/java.lang.Thread.run(Thread.java:833)
... Removed 14 stack frames]]>
    </failure>
  </testcase> <!-- KYCFormFillForPreview -->
</testsuite> <!-- Test -->
