<?xml version="1.0" encoding="UTF-8"?>
<testng-results ignored="0" total="2" passed="1" failed="1" skipped="0">
  <reporter-output>
    <line>
      <![CDATA[Registration Number can only contain letters and numbers]]>
    </line>
  </reporter-output>
  <suite started-at="2023-10-18T14:58:59 IST" name="Default suite" finished-at="2023-10-18T15:00:34 IST" duration-ms="95263">
    <groups>
    </groups>
    <test started-at="2023-10-18T14:58:59 IST" name="Default test" finished-at="2023-10-18T15:00:34 IST" duration-ms="95263">
      <class name="KycPageTC.KYCPageTC1">
        <test-method is-config="true" signature="startExtentReport()[pri:0, instance:KycPageTC.KYCPageTC1@5ab956d7]" started-at="2023-10-18T14:58:59 IST" name="startExtentReport" finished-at="2023-10-18T14:59:01 IST" duration-ms="2286" status="PASS">
          <reporter-output>
          </reporter-output>
        </test-method> <!-- startExtentReport -->
        <test-method is-config="true" signature="openBrowser()[pri:0, instance:KycPageTC.KYCPageTC1@5ab956d7]" started-at="2023-10-18T14:59:02 IST" name="openBrowser" finished-at="2023-10-18T14:59:05 IST" duration-ms="2596" status="PASS">
          <reporter-output>
          </reporter-output>
        </test-method> <!-- openBrowser -->
        <test-method signature="KYCFormFillDataprovider(java.lang.String,java.lang.String,java.lang.String,java.lang.String,java.lang.String,java.lang.String,java.lang.String,java.lang.String,java.lang.String,java.lang.String,java.lang.String,java.lang.String,java.lang.String,java.lang.String,java.lang.String,java.lang.String,java.lang.String,java.lang.String,java.lang.String,java.lang.String,java.lang.String,java.lang.String,java.lang.String,java.lang.String,java.lang.String,java.lang.String,java.lang.String,java.lang.String,java.lang.String,java.lang.String,java.lang.String,java.lang.String,java.lang.String,java.lang.String,java.lang.String,java.lang.String,java.lang.String,java.lang.String,java.lang.String,java.lang.String,java.lang.String,java.lang.String,java.lang.String,java.lang.String,java.lang.String,java.lang.String,java.lang.String,java.lang.String,java.lang.String,java.lang.String,java.lang.String,java.lang.String,java.lang.String,java.lang.String,java.lang.String,java.lang.String,java.lang.String,java.lang.String,java.lang.String,java.lang.String,java.lang.String,java.lang.String,java.lang.String,java.lang.String,java.lang.String,java.lang.String,java.lang.String,java.lang.String,java.lang.String,java.lang.String,java.lang.String,java.lang.String,java.lang.String,java.lang.String,java.lang.String,java.lang.String,java.lang.String,java.lang.String,java.lang.String,java.lang.String,java.lang.String,java.lang.String,java.lang.String,java.lang.String,java.lang.String,java.lang.String)[pri:0, instance:KycPageTC.KYCPageTC1@5ab956d7]" started-at="2023-10-18T14:59:05 IST" name="KYCFormFillDataprovider" data-provider="dataContainerKYCForm" finished-at="2023-10-18T14:59:57 IST" duration-ms="52801" status="FAIL">
          <params>
            <param index="0">
              <value>
                <![CDATA[Only Mandatory]]>
              </value>
            </param>
            <param index="1">
              <value>
                <![CDATA[Hashtag InfoSystem 123456]]>
              </value>
            </param>
            <param index="2">
              <value>
                <![CDATA[parent Hashtag InfoSystem 123456]]>
              </value>
            </param>
            <param index="3">
              <value>
                <![CDATA[1/405, 1st Floor, hashtag, Nanpura, Surat, Gujarat 395001]]>
              </value>
            </param>
            <param index="4">
              <value>
                <![CDATA[Israel]]>
              </value>
            </param>
            <param index="5">
              <value>
                <![CDATA[123456789]]>
              </value>
            </param>
            <param index="6">
              <value>
                <![CDATA[]]>
              </value>
            </param>
            <param index="7">
              <value>
                <![CDATA[www.hashtaginfosystem.com]]>
              </value>
            </param>
            <param index="8">
              <value>
                <![CDATA[hashtaginfos.ystem.com]]>
              </value>
            </param>
            <param index="9">
              <value>
                <![CDATA[100]]>
              </value>
            </param>
            <param index="10">
              <value>
                <![CDATA[Others]]>
              </value>
            </param>
            <param index="11">
              <value>
                <![CDATA[Private Limited]]>
              </value>
            </param>
            <param index="12">
              <value>
                <![CDATA[Others]]>
              </value>
            </param>
            <param index="13">
              <value>
                <![CDATA[Transportation]]>
              </value>
            </param>
            <param index="14">
              <value>
                <![CDATA[India]]>
              </value>
            </param>
            <param index="15">
              <value>
                <![CDATA[05]]>
              </value>
            </param>
            <param index="16">
              <value>
                <![CDATA[05]]>
              </value>
            </param>
            <param index="17">
              <value>
                <![CDATA[2022]]>
              </value>
            </param>
            <param index="18">
              <value>
                <![CDATA[REG123455]]>
              </value>
            </param>
            <param index="19">
              <value>
                <![CDATA[TRD456]]>
              </value>
            </param>
            <param index="20">
              <value>
                <![CDATA[05]]>
              </value>
            </param>
            <param index="21">
              <value>
                <![CDATA[05]]>
              </value>
            </param>
            <param index="22">
              <value>
                <![CDATA[2025]]>
              </value>
            </param>
            <param index="23">
              <value>
                <![CDATA[]]>
              </value>
            </param>
            <param index="24">
              <value>
                <![CDATA[State Bank Of India]]>
              </value>
            </param>
            <param index="25">
              <value>
                <![CDATA[India]]>
              </value>
            </param>
            <param index="26">
              <value>
                <![CDATA[1/405, 2nd Floor, SBI, Surat, Gujarat 395001]]>
              </value>
            </param>
            <param index="27">
              <value>
                <![CDATA[SBISWIFT1245658]]>
              </value>
            </param>
            <param index="28">
              <value>
                <![CDATA[HashCurrent Avccount]]>
              </value>
            </param>
            <param index="29">
              <value>
                <![CDATA[Afghanistan-Afghani]]>
              </value>
            </param>
            <param index="30">
              <value>
                <![CDATA[SBINO123456789123456]]>
              </value>
            </param>
            <param index="31">
              <value>
                <![CDATA[SBIIBAN12235555544444]]>
              </value>
            </param>
            <param index="32">
              <value>
                <![CDATA[]]>
              </value>
            </param>
            <param index="33">
              <value>
                <![CDATA[Bhutan]]>
              </value>
            </param>
            <param index="34">
              <value>
                <![CDATA[]]>
              </value>
            </param>
            <param index="35">
              <value>
                <![CDATA[]]>
              </value>
            </param>
            <param index="36">
              <value>
                <![CDATA[]]>
              </value>
            </param>
            <param index="37">
              <value>
                <![CDATA[Mrs. Robert B'aratheon]]>
              </value>
            </param>
            <param index="38">
              <value>
                <![CDATA[51]]>
              </value>
            </param>
            <param index="39">
              <value>
                <![CDATA[Australia]]>
              </value>
            </param>
            <param index="40">
              <value>
                <![CDATA[]]>
              </value>
            </param>
            <param index="41">
              <value>
                <![CDATA[]]>
              </value>
            </param>
            <param index="42">
              <value>
                <![CDATA[]]>
              </value>
            </param>
            <param index="43">
              <value>
                <![CDATA[Mr. P B D'hangar PCD]]>
              </value>
            </param>
            <param index="44">
              <value>
                <![CDATA[C E Officer]]>
              </value>
            </param>
            <param index="45">
              <value>
                <![CDATA[Congo]]>
              </value>
            </param>
            <param index="46">
              <value>
                <![CDATA[456789041]]>
              </value>
            </param>
            <param index="47">
              <value>
                <![CDATA[pbdha12nger@gm.ai-l.com]]>
              </value>
            </param>
            <param index="48">
              <value>
                <![CDATA[Dr. A S S'hivade CFD]]>
              </value>
            </param>
            <param index="49">
              <value>
                <![CDATA[M Director]]>
              </value>
            </param>
            <param index="50">
              <value>
                <![CDATA[Colombia]]>
              </value>
            </param>
            <param index="51">
              <value>
                <![CDATA[1234567842]]>
              </value>
            </param>
            <param index="52">
              <value>
                <![CDATA[asshi-va12de@gm-ail.com]]>
              </value>
            </param>
            <param index="53">
              <value>
                <![CDATA[Er. Emmar O'DD]]>
              </value>
            </param>
            <param index="54">
              <value>
                <![CDATA[Finance Manager]]>
              </value>
            </param>
            <param index="55">
              <value>
                <![CDATA[Oman]]>
              </value>
            </param>
            <param index="56">
              <value>
                <![CDATA[789561243]]>
              </value>
            </param>
            <param index="57">
              <value>
                <![CDATA[emmar_123@gm-ail.com]]>
              </value>
            </param>
            <param index="58">
              <value>
                <![CDATA[Ms. J P Datta A'CCD]]>
              </value>
            </param>
            <param index="59">
              <value>
                <![CDATA[Operation Manager]]>
              </value>
            </param>
            <param index="60">
              <value>
                <![CDATA[Costa Rica]]>
              </value>
            </param>
            <param index="61">
              <value>
                <![CDATA[7894561244]]>
              </value>
            </param>
            <param index="62">
              <value>
                <![CDATA[jpdatta@gm.ail.com]]>
              </value>
            </param>
            <param index="63">
              <value>
                <![CDATA[Oil Filtration]]>
              </value>
            </param>
            <param index="64">
              <value>
                <![CDATA[Mr. Johan C'arter]]>
              </value>
            </param>
            <param index="65">
              <value>
                <![CDATA[]]>
              </value>
            </param>
            <param index="66">
              <value>
                <![CDATA[Thailand]]>
              </value>
            </param>
            <param index="67">
              <value>
                <![CDATA[]]>
              </value>
            </param>
            <param index="68">
              <value>
                <![CDATA[]]>
              </value>
            </param>
            <param index="69">
              <value>
                <![CDATA[]]>
              </value>
            </param>
            <param index="70">
              <value>
                <![CDATA[Turkey]]>
              </value>
            </param>
            <param index="71">
              <value>
                <![CDATA[]]>
              </value>
            </param>
            <param index="72">
              <value>
                <![CDATA[]]>
              </value>
            </param>
            <param index="73">
              <value>
                <![CDATA[C:\Users\PC\eclipse-workspace\AdamJayKyc\Upload Document\1certOfInc43.png]]>
              </value>
            </param>
            <param index="74">
              <value>
                <![CDATA[C:\Users\PC\eclipse-workspace\AdamJayKyc\Upload Document\2ArtOfAsso107.jpeg]]>
              </value>
            </param>
            <param index="75">
              <value>
                <![CDATA[C:\Users\PC\eclipse-workspace\AdamJayKyc\Upload Document\3TradeLisc133.pdf]]>
              </value>
            </param>
            <param index="76">
              <value>
                <![CDATA[C:\Users\PC\eclipse-workspace\AdamJayKyc\Upload Document\4TaxRegi.jpeg]]>
              </value>
            </param>
            <param index="77">
              <value>
                <![CDATA[]]>
              </value>
            </param>
            <param index="78">
              <value>
                <![CDATA[www.hashtaginfosystemurl.com]]>
              </value>
            </param>
            <param index="79">
              <value>
                <![CDATA[]]>
              </value>
            </param>
            <param index="80">
              <value>
                <![CDATA[C:\Users\PC\eclipse-workspace\AdamJayKyc\Upload Document\7Passport133.pdf]]>
              </value>
            </param>
            <param index="81">
              <value>
                <![CDATA[C:\Users\PC\eclipse-workspace\AdamJayKyc\Upload Document\8AuthoSign105.jpeg]]>
              </value>
            </param>
            <param index="82">
              <value>
                <![CDATA[Mr. Tom J'erry]]>
              </value>
            </param>
            <param index="83">
              <value>
                <![CDATA[https://adamadminui.web.app]]>
              </value>
            </param>
            <param index="84">
              <value>
                <![CDATA[tester.adambrands@gmail.com]]>
              </value>
            </param>
            <param index="85">
              <value>
                <![CDATA[Admin@124]]>
              </value>
            </param>
          </params>
          <exception class="org.openqa.selenium.ElementNotInteractableException">
            <message>
              <![CDATA[element not interactable
  (Session info: chrome=118.0.5993.71)
Build info: version: '4.14.1', revision: '03f8ede370'
System info: os.name: 'Windows 11', os.arch: 'amd64', os.version: '10.0', java.version: '17.0.6'
Driver info: org.openqa.selenium.chrome.ChromeDriver
Command: [ef54aa3f6c7397734eacb3225c10d01e, sendKeysToElement {id=B27A0AF5306C6CEDE99DE41B16D9BE81_element_33, value=[Ljava.lang.CharSequence;@2ba42204}]
Capabilities {acceptInsecureCerts: false, browserName: chrome, browserVersion: 118.0.5993.71, chrome: {chromedriverVersion: 118.0.5993.70 (e52f33f30b91..., userDataDir: C:\Users\PC\AppData\Local\T...}, fedcm:accounts: true, goog:chromeOptions: {debuggerAddress: localhost:53383}, networkConnectionEnabled: false, pageLoadStrategy: normal, platformName: windows, proxy: Proxy(), se:cdp: ws://localhost:53383/devtoo..., se:cdpVersion: 118.0.5993.71, setWindowRect: true, strictFileInteractability: false, timeouts: {implicit: 0, pageLoad: 300000, script: 30000}, unhandledPromptBehavior: dismiss and notify, webauthn:extension:credBlob: true, webauthn:extension:largeBlob: true, webauthn:extension:minPinLength: true, webauthn:extension:prf: true, webauthn:virtualAuthenticators: true}
Element: [[ChromeDriver: chrome on windows (ef54aa3f6c7397734eacb3225c10d01e)] -> xpath: //input[@placeholder='Phone 1']]
Session ID: ef54aa3f6c7397734eacb3225c10d01e]]>
            </message>
            <full-stacktrace>
              <![CDATA[org.openqa.selenium.ElementNotInteractableException: element not interactable
  (Session info: chrome=118.0.5993.71)
Build info: version: '4.14.1', revision: '03f8ede370'
System info: os.name: 'Windows 11', os.arch: 'amd64', os.version: '10.0', java.version: '17.0.6'
Driver info: org.openqa.selenium.chrome.ChromeDriver
Command: [ef54aa3f6c7397734eacb3225c10d01e, sendKeysToElement {id=B27A0AF5306C6CEDE99DE41B16D9BE81_element_33, value=[Ljava.lang.CharSequence;@2ba42204}]
Capabilities {acceptInsecureCerts: false, browserName: chrome, browserVersion: 118.0.5993.71, chrome: {chromedriverVersion: 118.0.5993.70 (e52f33f30b91..., userDataDir: C:\Users\PC\AppData\Local\T...}, fedcm:accounts: true, goog:chromeOptions: {debuggerAddress: localhost:53383}, networkConnectionEnabled: false, pageLoadStrategy: normal, platformName: windows, proxy: Proxy(), se:cdp: ws://localhost:53383/devtoo..., se:cdpVersion: 118.0.5993.71, setWindowRect: true, strictFileInteractability: false, timeouts: {implicit: 0, pageLoad: 300000, script: 30000}, unhandledPromptBehavior: dismiss and notify, webauthn:extension:credBlob: true, webauthn:extension:largeBlob: true, webauthn:extension:minPinLength: true, webauthn:extension:prf: true, webauthn:virtualAuthenticators: true}
Element: [[ChromeDriver: chrome on windows (ef54aa3f6c7397734eacb3225c10d01e)] -> xpath: //input[@placeholder='Phone 1']]
Session ID: ef54aa3f6c7397734eacb3225c10d01e
at java.base/jdk.internal.reflect.NativeConstructorAccessorImpl.newInstance0(Native Method)
at java.base/jdk.internal.reflect.NativeConstructorAccessorImpl.newInstance(NativeConstructorAccessorImpl.java:77)
at java.base/jdk.internal.reflect.DelegatingConstructorAccessorImpl.newInstance(DelegatingConstructorAccessorImpl.java:45)
at java.base/java.lang.reflect.Constructor.newInstanceWithCaller(Constructor.java:499)
at java.base/java.lang.reflect.Constructor.newInstance(Constructor.java:480)
at org.openqa.selenium.remote.codec.w3c.W3CHttpResponseCodec.createException(W3CHttpResponseCodec.java:200)
at org.openqa.selenium.remote.codec.w3c.W3CHttpResponseCodec.decode(W3CHttpResponseCodec.java:133)
at org.openqa.selenium.remote.codec.w3c.W3CHttpResponseCodec.decode(W3CHttpResponseCodec.java:52)
at org.openqa.selenium.remote.HttpCommandExecutor.execute(HttpCommandExecutor.java:191)
at org.openqa.selenium.remote.service.DriverCommandExecutor.invokeExecute(DriverCommandExecutor.java:200)
at org.openqa.selenium.remote.service.DriverCommandExecutor.execute(DriverCommandExecutor.java:175)
at org.openqa.selenium.remote.RemoteWebDriver.execute(RemoteWebDriver.java:602)
at org.openqa.selenium.remote.RemoteWebElement.execute(RemoteWebElement.java:224)
at org.openqa.selenium.remote.RemoteWebElement.sendKeys(RemoteWebElement.java:111)
at jdk.internal.reflect.GeneratedMethodAccessor1.invoke(Unknown Source)
at java.base/jdk.internal.reflect.DelegatingMethodAccessorImpl.invoke(DelegatingMethodAccessorImpl.java:43)
at java.base/java.lang.reflect.Method.invoke(Method.java:568)
at org.openqa.selenium.support.pagefactory.internal.LocatingElementHandler.invoke(LocatingElementHandler.java:51)
at jdk.proxy2/jdk.proxy2.$Proxy17.sendKeys(Unknown Source)
at KYCPage.AClKYCformPage.inpAClKYCformPageTrdRefPhone1(AClKYCformPage.java:779)
at KycPageTC.KYCPageTC1.KYCFormFillDataprovider(KYCPageTC1.java:318)
at java.base/jdk.internal.reflect.NativeMethodAccessorImpl.invoke0(Native Method)
at java.base/jdk.internal.reflect.NativeMethodAccessorImpl.invoke(NativeMethodAccessorImpl.java:77)
at java.base/jdk.internal.reflect.DelegatingMethodAccessorImpl.invoke(DelegatingMethodAccessorImpl.java:43)
at java.base/java.lang.reflect.Method.invoke(Method.java:568)
at org.testng.internal.invokers.MethodInvocationHelper.invokeMethod(MethodInvocationHelper.java:139)
at org.testng.internal.invokers.TestInvoker.invokeMethod(TestInvoker.java:664)
at org.testng.internal.invokers.TestInvoker.invokeTestMethod(TestInvoker.java:227)
at org.testng.internal.invokers.MethodRunner.runInSequence(MethodRunner.java:50)
at org.testng.internal.invokers.TestInvoker$MethodInvocationAgent.invoke(TestInvoker.java:957)
at org.testng.internal.invokers.TestInvoker.invokeTestMethods(TestInvoker.java:200)
at org.testng.internal.invokers.TestMethodWorker.invokeTestMethods(TestMethodWorker.java:148)
at org.testng.internal.invokers.TestMethodWorker.run(TestMethodWorker.java:128)
at java.base/java.util.ArrayList.forEach(ArrayList.java:1511)
at org.testng.TestRunner.privateRun(TestRunner.java:848)
at org.testng.TestRunner.run(TestRunner.java:621)
at org.testng.SuiteRunner.runTest(SuiteRunner.java:443)
at org.testng.SuiteRunner.runSequentially(SuiteRunner.java:437)
at org.testng.SuiteRunner.privateRun(SuiteRunner.java:397)
at org.testng.SuiteRunner.run(SuiteRunner.java:336)
at org.testng.SuiteRunnerWorker.runSuite(SuiteRunnerWorker.java:52)
at org.testng.SuiteRunnerWorker.run(SuiteRunnerWorker.java:95)
at org.testng.TestNG.runSuitesSequentially(TestNG.java:1280)
at org.testng.TestNG.runSuitesLocally(TestNG.java:1200)
at org.testng.TestNG.runSuites(TestNG.java:1114)
at org.testng.TestNG.run(TestNG.java:1082)
at org.testng.remote.AbstractRemoteTestNG.run(AbstractRemoteTestNG.java:115)
at org.testng.remote.RemoteTestNG.initAndRun(RemoteTestNG.java:251)
at org.testng.remote.RemoteTestNG.main(RemoteTestNG.java:77)
]]>
            </full-stacktrace>
          </exception> <!-- org.openqa.selenium.ElementNotInteractableException -->
          <reporter-output>
          </reporter-output>
        </test-method> <!-- KYCFormFillDataprovider -->
        <test-method is-config="true" signature="CaptureFailedTCSS(org.testng.ITestResult)[pri:0, instance:KycPageTC.KYCPageTC1@5ab956d7]" started-at="2023-10-18T14:59:57 IST" name="CaptureFailedTCSS" finished-at="2023-10-18T15:00:00 IST" duration-ms="2252" status="PASS">
          <params>
            <param index="0">
              <value>
                <![CDATA[[TestResult name=KYCFormFillDataprovider status=FAILURE method=KYCPageTC1.KYCFormFillDataprovider(java.lang.String,java.lang.String,java.lang.String,java.lang.String,java.lang.String,java.lang.String,java.lang.String,java.lang.String,java.lang.String,java.lang.String,java.lang.String,java.lang.String,java.lang.String,java.lang.String,java.lang.String,java.lang.String,java.lang.String,java.lang.String,java.lang.String,java.lang.String,java.lang.String,java.lang.String,java.lang.String,java.lang.String,java.lang.String,java.lang.String,java.lang.String,java.lang.String,java.lang.String,java.lang.String,java.lang.String,java.lang.String,java.lang.String,java.lang.String,java.lang.String,java.lang.String,java.lang.String,java.lang.String,java.lang.String,java.lang.String,java.lang.String,java.lang.String,java.lang.String,java.lang.String,java.lang.String,java.lang.String,java.lang.String,java.lang.String,java.lang.String,java.lang.String,java.lang.String,java.lang.String,java.lang.String,java.lang.String,java.lang.String,java.lang.String,java.lang.String,java.lang.String,java.lang.String,java.lang.String,java.lang.String,java.lang.String,java.lang.String,java.lang.String,java.lang.String,java.lang.String,java.lang.String,java.lang.String,java.lang.String,java.lang.String,java.lang.String,java.lang.String,java.lang.String,java.lang.String,java.lang.String,java.lang.String,java.lang.String,java.lang.String,java.lang.String,java.lang.String,java.lang.String,java.lang.String,java.lang.String,java.lang.String,java.lang.String,java.lang.String)[pri:0, instance:KycPageTC.KYCPageTC1@5ab956d7] output={null}]]]>
              </value>
            </param>
          </params>
          <reporter-output>
          </reporter-output>
        </test-method> <!-- CaptureFailedTCSS -->
        <test-method is-config="true" signature="openBrowser()[pri:0, instance:KycPageTC.KYCPageTC1@5ab956d7]" started-at="2023-10-18T15:00:00 IST" name="openBrowser" finished-at="2023-10-18T15:00:01 IST" duration-ms="1685" status="PASS">
          <reporter-output>
          </reporter-output>
        </test-method> <!-- openBrowser -->
        <test-method is-config="true" signature="getResult(org.testng.ITestResult)[pri:0, instance:KycPageTC.KYCPageTC1@5ab956d7]" started-at="2023-10-18T15:00:00 IST" name="getResult" finished-at="2023-10-18T15:00:00 IST" duration-ms="0" status="PASS">
          <params>
            <param index="0">
              <value>
                <![CDATA[[TestResult name=KYCFormFillDataprovider status=FAILURE method=KYCPageTC1.KYCFormFillDataprovider(java.lang.String,java.lang.String,java.lang.String,java.lang.String,java.lang.String,java.lang.String,java.lang.String,java.lang.String,java.lang.String,java.lang.String,java.lang.String,java.lang.String,java.lang.String,java.lang.String,java.lang.String,java.lang.String,java.lang.String,java.lang.String,java.lang.String,java.lang.String,java.lang.String,java.lang.String,java.lang.String,java.lang.String,java.lang.String,java.lang.String,java.lang.String,java.lang.String,java.lang.String,java.lang.String,java.lang.String,java.lang.String,java.lang.String,java.lang.String,java.lang.String,java.lang.String,java.lang.String,java.lang.String,java.lang.String,java.lang.String,java.lang.String,java.lang.String,java.lang.String,java.lang.String,java.lang.String,java.lang.String,java.lang.String,java.lang.String,java.lang.String,java.lang.String,java.lang.String,java.lang.String,java.lang.String,java.lang.String,java.lang.String,java.lang.String,java.lang.String,java.lang.String,java.lang.String,java.lang.String,java.lang.String,java.lang.String,java.lang.String,java.lang.String,java.lang.String,java.lang.String,java.lang.String,java.lang.String,java.lang.String,java.lang.String,java.lang.String,java.lang.String,java.lang.String,java.lang.String,java.lang.String,java.lang.String,java.lang.String,java.lang.String,java.lang.String,java.lang.String,java.lang.String,java.lang.String,java.lang.String,java.lang.String,java.lang.String,java.lang.String)[pri:0, instance:KycPageTC.KYCPageTC1@5ab956d7] output={null}]]]>
              </value>
            </param>
          </params>
          <reporter-output>
          </reporter-output>
        </test-method> <!-- getResult -->
        <test-method signature="KYCFormFillDataprovider(java.lang.String,java.lang.String,java.lang.String,java.lang.String,java.lang.String,java.lang.String,java.lang.String,java.lang.String,java.lang.String,java.lang.String,java.lang.String,java.lang.String,java.lang.String,java.lang.String,java.lang.String,java.lang.String,java.lang.String,java.lang.String,java.lang.String,java.lang.String,java.lang.String,java.lang.String,java.lang.String,java.lang.String,java.lang.String,java.lang.String,java.lang.String,java.lang.String,java.lang.String,java.lang.String,java.lang.String,java.lang.String,java.lang.String,java.lang.String,java.lang.String,java.lang.String,java.lang.String,java.lang.String,java.lang.String,java.lang.String,java.lang.String,java.lang.String,java.lang.String,java.lang.String,java.lang.String,java.lang.String,java.lang.String,java.lang.String,java.lang.String,java.lang.String,java.lang.String,java.lang.String,java.lang.String,java.lang.String,java.lang.String,java.lang.String,java.lang.String,java.lang.String,java.lang.String,java.lang.String,java.lang.String,java.lang.String,java.lang.String,java.lang.String,java.lang.String,java.lang.String,java.lang.String,java.lang.String,java.lang.String,java.lang.String,java.lang.String,java.lang.String,java.lang.String,java.lang.String,java.lang.String,java.lang.String,java.lang.String,java.lang.String,java.lang.String,java.lang.String,java.lang.String,java.lang.String,java.lang.String,java.lang.String,java.lang.String,java.lang.String)[pri:0, instance:KycPageTC.KYCPageTC1@5ab956d7]" started-at="2023-10-18T15:00:01 IST" name="KYCFormFillDataprovider" data-provider="dataContainerKYCForm" finished-at="2023-10-18T15:00:32 IST" duration-ms="30288" status="PASS">
          <params>
            <param index="0">
              <value>
                <![CDATA[Alpha]]>
              </value>
            </param>
            <param index="1">
              <value>
                <![CDATA[Hashtag InfoSystem]]>
              </value>
            </param>
            <param index="2">
              <value>
                <![CDATA[Hashtag InfoSystem]]>
              </value>
            </param>
            <param index="3">
              <value>
                <![CDATA[Hashtag InfoSystem]]>
              </value>
            </param>
            <param index="4">
              <value>
                <![CDATA[Israel]]>
              </value>
            </param>
            <param index="5">
              <value>
                <![CDATA[Hashtag InfoSystem]]>
              </value>
            </param>
            <param index="6">
              <value>
                <![CDATA[]]>
              </value>
            </param>
            <param index="7">
              <value>
                <![CDATA[www.tdgdgdddsgsg.in]]>
              </value>
            </param>
            <param index="8">
              <value>
                <![CDATA[HashtagInfoSystem.com]]>
              </value>
            </param>
            <param index="9">
              <value>
                <![CDATA[Hashtag InfoSystem]]>
              </value>
            </param>
            <param index="10">
              <value>
                <![CDATA[Others]]>
              </value>
            </param>
            <param index="11">
              <value>
                <![CDATA[Hashtag InfoSystem]]>
              </value>
            </param>
            <param index="12">
              <value>
                <![CDATA[Others]]>
              </value>
            </param>
            <param index="13">
              <value>
                <![CDATA[Hashtag InfoSystem]]>
              </value>
            </param>
            <param index="14">
              <value>
                <![CDATA[India]]>
              </value>
            </param>
            <param index="15">
              <value>
                <![CDATA[06]]>
              </value>
            </param>
            <param index="16">
              <value>
                <![CDATA[06]]>
              </value>
            </param>
            <param index="17">
              <value>
                <![CDATA[2022]]>
              </value>
            </param>
            <param index="18">
              <value>
                <![CDATA[HashtagInfoSystem]]>
              </value>
            </param>
            <param index="19">
              <value>
                <![CDATA[HashtagInfoSystem]]>
              </value>
            </param>
            <param index="20">
              <value>
                <![CDATA[06]]>
              </value>
            </param>
            <param index="21">
              <value>
                <![CDATA[06]]>
              </value>
            </param>
            <param index="22">
              <value>
                <![CDATA[2025]]>
              </value>
            </param>
            <param index="23">
              <value>
                <![CDATA[HashtagInfoSystem]]>
              </value>
            </param>
            <param index="24">
              <value>
                <![CDATA[HashtagInfoSystem]]>
              </value>
            </param>
            <param index="25">
              <value>
                <![CDATA[India]]>
              </value>
            </param>
            <param index="26">
              <value>
                <![CDATA[Hashtag InfoSystem]]>
              </value>
            </param>
            <param index="27">
              <value>
                <![CDATA[HashtagInfoSystem]]>
              </value>
            </param>
            <param index="28">
              <value>
                <![CDATA[Hashtag InfoSystem]]>
              </value>
            </param>
            <param index="29">
              <value>
                <![CDATA[Afghanistan-Afghani]]>
              </value>
            </param>
            <param index="30">
              <value>
                <![CDATA[HashtagInfoSystem]]>
              </value>
            </param>
            <param index="31">
              <value>
                <![CDATA[HashtagInfoSystem]]>
              </value>
            </param>
            <param index="32">
              <value>
                <![CDATA[Hashtag InfoSystem]]>
              </value>
            </param>
            <param index="33">
              <value>
                <![CDATA[Bhutan]]>
              </value>
            </param>
            <param index="34">
              <value>
                <![CDATA[HashtagInfoSystem]]>
              </value>
            </param>
            <param index="35">
              <value>
                <![CDATA[Hashtag InfoSystem]]>
              </value>
            </param>
            <param index="36">
              <value>
                <![CDATA[HashtagInfoSystem]]>
              </value>
            </param>
            <param index="37">
              <value>
                <![CDATA[Hashtag InfoSystem]]>
              </value>
            </param>
            <param index="38">
              <value>
                <![CDATA[Hashtag InfoSystem]]>
              </value>
            </param>
            <param index="39">
              <value>
                <![CDATA[Australia]]>
              </value>
            </param>
            <param index="40">
              <value>
                <![CDATA[Hashtag InfoSystem]]>
              </value>
            </param>
            <param index="41">
              <value>
                <![CDATA[Hashtag InfoSystem]]>
              </value>
            </param>
            <param index="42">
              <value>
                <![CDATA[Bahamas]]>
              </value>
            </param>
            <param index="43">
              <value>
                <![CDATA[Hashtag InfoSystem]]>
              </value>
            </param>
            <param index="44">
              <value>
                <![CDATA[Hashtag InfoSystem]]>
              </value>
            </param>
            <param index="45">
              <value>
                <![CDATA[Congo]]>
              </value>
            </param>
            <param index="46">
              <value>
                <![CDATA[HashtagInfoSystem]]>
              </value>
            </param>
            <param index="47">
              <value>
                <![CDATA[Hashtag InfoSystem]]>
              </value>
            </param>
            <param index="48">
              <value>
                <![CDATA[Hashtag InfoSystem]]>
              </value>
            </param>
            <param index="49">
              <value>
                <![CDATA[Hashtag InfoSystem]]>
              </value>
            </param>
            <param index="50">
              <value>
                <![CDATA[Colombia]]>
              </value>
            </param>
            <param index="51">
              <value>
                <![CDATA[HashtagInfoSystem]]>
              </value>
            </param>
            <param index="52">
              <value>
                <![CDATA[Hashtag InfoSystem]]>
              </value>
            </param>
            <param index="53">
              <value>
                <![CDATA[Hashtag InfoSystem]]>
              </value>
            </param>
            <param index="54">
              <value>
                <![CDATA[Hashtag InfoSystem]]>
              </value>
            </param>
            <param index="55">
              <value>
                <![CDATA[Oman]]>
              </value>
            </param>
            <param index="56">
              <value>
                <![CDATA[HashtagInfoSystem]]>
              </value>
            </param>
            <param index="57">
              <value>
                <![CDATA[Hashtag InfoSystem]]>
              </value>
            </param>
            <param index="58">
              <value>
                <![CDATA[Hashtag InfoSystem]]>
              </value>
            </param>
            <param index="59">
              <value>
                <![CDATA[Hashtag InfoSystem]]>
              </value>
            </param>
            <param index="60">
              <value>
                <![CDATA[Costa Rica]]>
              </value>
            </param>
            <param index="61">
              <value>
                <![CDATA[HashtagInfoSystem]]>
              </value>
            </param>
            <param index="62">
              <value>
                <![CDATA[Hashtag InfoSystem]]>
              </value>
            </param>
            <param index="63">
              <value>
                <![CDATA[Hashtag InfoSystem]]>
              </value>
            </param>
            <param index="64">
              <value>
                <![CDATA[Hashtag InfoSystem]]>
              </value>
            </param>
            <param index="65">
              <value>
                <![CDATA[Hashtag InfoSystem]]>
              </value>
            </param>
            <param index="66">
              <value>
                <![CDATA[Thailand]]>
              </value>
            </param>
            <param index="67">
              <value>
                <![CDATA[HashtagInfoSystem]]>
              </value>
            </param>
            <param index="68">
              <value>
                <![CDATA[Hashtag InfoSystem]]>
              </value>
            </param>
            <param index="69">
              <value>
                <![CDATA[Hashtag InfoSystem]]>
              </value>
            </param>
            <param index="70">
              <value>
                <![CDATA[Turkey]]>
              </value>
            </param>
            <param index="71">
              <value>
                <![CDATA[HashtagInfoSystem]]>
              </value>
            </param>
            <param index="72">
              <value>
                <![CDATA[Hashtag InfoSystem]]>
              </value>
            </param>
            <param index="73">
              <value>
                <![CDATA[C:\Users\PC\eclipse-workspace\AdamJayKyc\Upload Document\1certOfInc43.png]]>
              </value>
            </param>
            <param index="74">
              <value>
                <![CDATA[C:\Users\PC\eclipse-workspace\AdamJayKyc\Upload Document\2ArtOfAsso107.jpeg]]>
              </value>
            </param>
            <param index="75">
              <value>
                <![CDATA[C:\Users\PC\eclipse-workspace\AdamJayKyc\Upload Document\3TradeLisc133.pdf]]>
              </value>
            </param>
            <param index="76">
              <value>
                <![CDATA[C:\Users\PC\eclipse-workspace\AdamJayKyc\Upload Document\4TaxRegi.jpeg]]>
              </value>
            </param>
            <param index="77">
              <value>
                <![CDATA[C:\Users\PC\eclipse-workspace\AdamJayKyc\Upload Document\5CompProfile70.png]]>
              </value>
            </param>
            <param index="78">
              <value>
                <![CDATA[www.hashtaginfosystemurl.com]]>
              </value>
            </param>
            <param index="79">
              <value>
                <![CDATA[C:\Users\PC\eclipse-workspace\AdamJayKyc\Upload Document\6BankRef43.png]]>
              </value>
            </param>
            <param index="80">
              <value>
                <![CDATA[C:\Users\PC\eclipse-workspace\AdamJayKyc\Upload Document\7Passport133.pdf]]>
              </value>
            </param>
            <param index="81">
              <value>
                <![CDATA[C:\Users\PC\eclipse-workspace\AdamJayKyc\Upload Document\8AuthoSign105.jpeg]]>
              </value>
            </param>
            <param index="82">
              <value>
                <![CDATA[Hashtag InfoSystem]]>
              </value>
            </param>
            <param index="83">
              <value>
                <![CDATA[https://adamadminui.web.app]]>
              </value>
            </param>
            <param index="84">
              <value>
                <![CDATA[tester.adambrands@gmail.com]]>
              </value>
            </param>
            <param index="85">
              <value>
                <![CDATA[Admin@125]]>
              </value>
            </param>
          </params>
          <reporter-output>
            <line>
              <![CDATA[Registration Number can only contain letters and numbers]]>
            </line>
          </reporter-output>
        </test-method> <!-- KYCFormFillDataprovider -->
        <test-method is-config="true" signature="CaptureFailedTCSS(org.testng.ITestResult)[pri:0, instance:KycPageTC.KYCPageTC1@5ab956d7]" started-at="2023-10-18T15:00:32 IST" name="CaptureFailedTCSS" finished-at="2023-10-18T15:00:34 IST" duration-ms="2005" status="PASS">
          <params>
            <param index="0">
              <value>
                <![CDATA[[TestResult name=KYCFormFillDataprovider status=SUCCESS method=KYCPageTC1.KYCFormFillDataprovider(java.lang.String,java.lang.String,java.lang.String,java.lang.String,java.lang.String,java.lang.String,java.lang.String,java.lang.String,java.lang.String,java.lang.String,java.lang.String,java.lang.String,java.lang.String,java.lang.String,java.lang.String,java.lang.String,java.lang.String,java.lang.String,java.lang.String,java.lang.String,java.lang.String,java.lang.String,java.lang.String,java.lang.String,java.lang.String,java.lang.String,java.lang.String,java.lang.String,java.lang.String,java.lang.String,java.lang.String,java.lang.String,java.lang.String,java.lang.String,java.lang.String,java.lang.String,java.lang.String,java.lang.String,java.lang.String,java.lang.String,java.lang.String,java.lang.String,java.lang.String,java.lang.String,java.lang.String,java.lang.String,java.lang.String,java.lang.String,java.lang.String,java.lang.String,java.lang.String,java.lang.String,java.lang.String,java.lang.String,java.lang.String,java.lang.String,java.lang.String,java.lang.String,java.lang.String,java.lang.String,java.lang.String,java.lang.String,java.lang.String,java.lang.String,java.lang.String,java.lang.String,java.lang.String,java.lang.String,java.lang.String,java.lang.String,java.lang.String,java.lang.String,java.lang.String,java.lang.String,java.lang.String,java.lang.String,java.lang.String,java.lang.String,java.lang.String,java.lang.String,java.lang.String,java.lang.String,java.lang.String,java.lang.String,java.lang.String,java.lang.String)[pri:0, instance:KycPageTC.KYCPageTC1@5ab956d7] output=Registration Number can only contain letters and numbers]]]>
              </value>
            </param>
          </params>
          <reporter-output>
          </reporter-output>
        </test-method> <!-- CaptureFailedTCSS -->
        <test-method is-config="true" signature="logOut()[pri:0, instance:KycPageTC.KYCPageTC1@5ab956d7]" started-at="2023-10-18T15:00:34 IST" name="logOut" finished-at="2023-10-18T15:00:34 IST" duration-ms="314" status="PASS">
          <reporter-output>
          </reporter-output>
        </test-method> <!-- logOut -->
        <test-method is-config="true" signature="getResult(org.testng.ITestResult)[pri:0, instance:KycPageTC.KYCPageTC1@5ab956d7]" started-at="2023-10-18T15:00:34 IST" name="getResult" finished-at="2023-10-18T15:00:34 IST" duration-ms="0" status="PASS">
          <params>
            <param index="0">
              <value>
                <![CDATA[[TestResult name=KYCFormFillDataprovider status=SUCCESS method=KYCPageTC1.KYCFormFillDataprovider(java.lang.String,java.lang.String,java.lang.String,java.lang.String,java.lang.String,java.lang.String,java.lang.String,java.lang.String,java.lang.String,java.lang.String,java.lang.String,java.lang.String,java.lang.String,java.lang.String,java.lang.String,java.lang.String,java.lang.String,java.lang.String,java.lang.String,java.lang.String,java.lang.String,java.lang.String,java.lang.String,java.lang.String,java.lang.String,java.lang.String,java.lang.String,java.lang.String,java.lang.String,java.lang.String,java.lang.String,java.lang.String,java.lang.String,java.lang.String,java.lang.String,java.lang.String,java.lang.String,java.lang.String,java.lang.String,java.lang.String,java.lang.String,java.lang.String,java.lang.String,java.lang.String,java.lang.String,java.lang.String,java.lang.String,java.lang.String,java.lang.String,java.lang.String,java.lang.String,java.lang.String,java.lang.String,java.lang.String,java.lang.String,java.lang.String,java.lang.String,java.lang.String,java.lang.String,java.lang.String,java.lang.String,java.lang.String,java.lang.String,java.lang.String,java.lang.String,java.lang.String,java.lang.String,java.lang.String,java.lang.String,java.lang.String,java.lang.String,java.lang.String,java.lang.String,java.lang.String,java.lang.String,java.lang.String,java.lang.String,java.lang.String,java.lang.String,java.lang.String,java.lang.String,java.lang.String,java.lang.String,java.lang.String,java.lang.String,java.lang.String)[pri:0, instance:KycPageTC.KYCPageTC1@5ab956d7] output=Registration Number can only contain letters and numbers]]]>
              </value>
            </param>
          </params>
          <reporter-output>
          </reporter-output>
        </test-method> <!-- getResult -->
      </class> <!-- KycPageTC.KYCPageTC1 -->
    </test> <!-- Default test -->
  </suite> <!-- Default suite -->
</testng-results>
